<?xml version="1.0" encoding="UTF-8"?>
<!-- Generated by org.testng.reporters.JUnitXMLReporter -->
<testsuite ignored="0" hostname="surendar" failures="1" tests="1" name="Add Customer Test Case" time="4.403" errors="0" timestamp="2020-07-26T17:34:10 IST">
  <testcase classname="com.w2a.testcases.AddCustomerTest" name="addCustomer" time="3.73">
    <failure type="java.lang.AssertionError" message="Failed willingly">
      <![CDATA[java.lang.AssertionError: Failed willingly
at com.w2a.testcases.AddCustomerTest.addCustomer(AddCustomerTest.java:36)
at java.base/java.util.ArrayList.forEach(ArrayList.java:1540)
... Removed 32 stack frames]]>
    </failure>
  </testcase> <!-- addCustomer -->
</testsuite> <!-- Add Customer Test Case -->
