-------------------------------------------------------------------------------
Test set: TestSuite
-------------------------------------------------------------------------------
Tests run: 2, Failures: 1, Errors: 0, Skipped: 0, Time elapsed: 18.33 s <<< FAILURE! - in TestSuite
com.w2a.testcases.AddCustomerTest.addCustomer  Time elapsed: 4.386 s  <<< FAILURE!
java.lang.AssertionError: Failed willingly
	at com.w2a.testcases.AddCustomerTest.addCustomer(AddCustomerTest.java:36)

