<?xml version="1.0" encoding="UTF-8"?>
<testsuite xmlns:xsi="http://www.w3.org/2001/XMLSchema-instance" xsi:noNamespaceSchemaLocation="https://maven.apache.org/surefire/maven-surefire-plugin/xsd/surefire-test-report-3.0.xsd" version="3.0" name="TestSuite" time="18.33" tests="2" errors="0" skipped="0" failures="1">
  <properties>
[...]
</properties>
  <testcase name="loginAsBankManager" classname="com.w2a.testcases.BankManagerLoginTest" time="3.501"/>
  <testcase name="addCustomer" classname="com.w2a.testcases.AddCustomerTest" time="4.386">
    <failure message="Failed willingly" type="java.lang.AssertionError"><![CDATA[java.lang.AssertionError: Failed willingly
	at com.w2a.testcases.AddCustomerTest.addCustomer(AddCustomerTest.java:36)
]]></failure>
  </testcase>
</testsuite>