<?xml version="1.0" encoding="UTF-8"?>
<!-- Generated by org.testng.reporters.JUnitXMLReporter -->
<testsuite ignored="0" hostname="surendar" failures="1" tests="1" name="Add Customer Test Case" time="4.791" errors="0" timestamp="2020-07-26T18:10:06 IST">
  <testcase classname="com.w2a.testcases.AddCustomerTest" name="addCustomerTest" time="3.916">
    <failure type="java.lang.AssertionError" message="Failed willingly">
      <![CDATA[java.lang.AssertionError: Failed willingly
at com.w2a.testcases.AddCustomerTest.addCustomerTest(AddCustomerTest.java:37)
at java.base/java.util.ArrayList.forEach(ArrayList.java:1540)
... Removed 28 stack frames]]>
    </failure>
  </testcase> <!-- addCustomerTest -->
</testsuite> <!-- Add Customer Test Case -->
