<?xml version="1.0" encoding="UTF-8"?>
<!-- Generated by org.testng.reporters.JUnitXMLReporter -->
<testsuite ignored="0" hostname="surendar" failures="1" tests="1" name="LoginTest" time="13.43" errors="0" timestamp="2020-07-25T15:38:10 IST">
  <testcase classname="com.w2a.testcases.LoginTest" name="loginAsBankManager" time="13.355">
    <failure type="java.lang.AssertionError" message="Login not successfully expected [true] but found [false]">
      <![CDATA[java.lang.AssertionError: Login not successfully expected [true] but found [false]
at com.w2a.testcases.LoginTest.loginAsBankManager(LoginTest.java:20)
at java.base/java.util.ArrayList.forEach(ArrayList.java:1540)
... Removed 30 stack frames]]>
    </failure>
  </testcase> <!-- loginAsBankManager -->
</testsuite> <!-- LoginTest -->
